<?xml version="1.0" encoding="UTF-8"?>
<testng-results ignored="0" total="1" passed="1" failed="0" skipped="0">
  <reporter-output>
  </reporter-output>
  <suite started-at="2023-07-19T09:07:14 IST" name="Default suite" finished-at="2023-07-19T09:07:33 IST" duration-ms="18653">
    <groups>
      <group name="cucumber">
        <method signature="AbstractTestNGCucumberTests.runScenario(io.cucumber.testng.PickleWrapper,io.cucumber.testng.FeatureWrapper)[pri:0, instance:com.nopcommerce.com.testrunner.SearchData_Runner@477b4cdf]" name="runScenario" class="io.cucumber.testng.AbstractTestNGCucumberTests"/>
      </group> <!-- cucumber -->
    </groups>
    <test started-at="2023-07-19T09:07:14 IST" name="Default test" finished-at="2023-07-19T09:07:33 IST" duration-ms="18653">
      <class name="com.nopcommerce.com.testrunner.SearchData_Runner">
        <test-method is-config="true" signature="setUpClass(org.testng.ITestContext)[pri:0, instance:com.nopcommerce.com.testrunner.SearchData_Runner@477b4cdf]" started-at="2023-07-19T09:07:14 IST" name="setUpClass" finished-at="2023-07-19T09:07:15 IST" duration-ms="498" status="PASS">
          <params>
            <param index="0">
              <value>
                <![CDATA[org.testng.TestRunner@63d677f5]]>
              </value>
            </param>
          </params>
          <reporter-output>
          </reporter-output>
        </test-method> <!-- setUpClass -->
        <test-method signature="runScenario(io.cucumber.testng.PickleWrapper,io.cucumber.testng.FeatureWrapper)[pri:0, instance:com.nopcommerce.com.testrunner.SearchData_Runner@477b4cdf]" started-at="2023-07-19T09:07:15 IST" name="runScenario" description="Runs Cucumber Scenarios" data-provider="scenarios" finished-at="2023-07-19T09:07:33 IST" duration-ms="17813" status="PASS">
          <params>
            <param index="0">
              <value>
                <![CDATA["Search Product on Catalog"]]>
              </value>
            </param>
            <param index="1">
              <value>
                <![CDATA["Search Customer"]]>
              </value>
            </param>
          </params>
          <reporter-output>
          </reporter-output>
        </test-method> <!-- runScenario -->
        <test-method is-config="true" signature="tearDownClass()[pri:0, instance:com.nopcommerce.com.testrunner.SearchData_Runner@477b4cdf]" started-at="2023-07-19T09:07:33 IST" name="tearDownClass" finished-at="2023-07-19T09:07:33 IST" duration-ms="305" status="PASS">
          <reporter-output>
          </reporter-output>
        </test-method> <!-- tearDownClass -->
      </class> <!-- com.nopcommerce.com.testrunner.SearchData_Runner -->
    </test> <!-- Default test -->
  </suite> <!-- Default suite -->
</testng-results>
